[10:50:24,299] [INFO] CmdHandlerFactory.init --> ========= 完成命令与处理器的关联 =============
[10:50:24,341] [INFO] CmdHandlerFactory.init -->  org.cola.GuradCelia.msg.GameMsgProtocol$UserAttkCmd <====> org.cola.GuradCelia.cmdhandler.UserAttkCmdHandler 
[10:50:24,343] [INFO] CmdHandlerFactory.init -->  org.cola.GuradCelia.msg.GameMsgProtocol$UserLoginCmd <====> org.cola.GuradCelia.cmdhandler.UserLoginCmdHandler 
[10:50:24,345] [INFO] CmdHandlerFactory.init -->  org.cola.GuradCelia.msg.GameMsgProtocol$WhoElseIsHereCmd <====> org.cola.GuradCelia.cmdhandler.WhoElseIsHereHandler 
[10:50:24,345] [INFO] CmdHandlerFactory.init -->  org.cola.GuradCelia.msg.GameMsgProtocol$GetRankCmd <====> org.cola.GuradCelia.cmdhandler.GetRankCmdHandler 
[10:50:24,346] [INFO] CmdHandlerFactory.init -->  org.cola.GuradCelia.msg.GameMsgProtocol$UserEntryCmd <====> org.cola.GuradCelia.cmdhandler.UserEntryCmdHandler 
[10:50:24,349] [INFO] CmdHandlerFactory.init -->  org.cola.GuradCelia.msg.GameMsgProtocol$UserMoveToCmd <====> org.cola.GuradCelia.cmdhandler.UserMoveToCmdHandler 
[10:50:24,349] [INFO] GameMsgRecognizer.init --> ========= 完成消息类与消息编号映射 =============
[10:50:24,382] [INFO] GameMsgRecognizer.init -->  org.cola.GuradCelia.msg.GameMsgProtocol$GetRankResult <===> 18 
[10:50:24,384] [INFO] GameMsgRecognizer.init -->  org.cola.GuradCelia.msg.GameMsgProtocol$GetRankCmd <===> 17 
[10:50:24,385] [INFO] GameMsgRecognizer.init -->  org.cola.GuradCelia.msg.GameMsgProtocol$SelectHeroResult <===> 16 
[10:50:24,386] [INFO] GameMsgRecognizer.init -->  org.cola.GuradCelia.msg.GameMsgProtocol$SelectHeroCmd <===> 15 
[10:50:24,387] [INFO] GameMsgRecognizer.init -->  org.cola.GuradCelia.msg.GameMsgProtocol$UserLoginResult <===> 14 
[10:50:24,389] [INFO] GameMsgRecognizer.init -->  org.cola.GuradCelia.msg.GameMsgProtocol$UserLoginCmd <===> 13 
[10:50:24,390] [INFO] GameMsgRecognizer.init -->  org.cola.GuradCelia.msg.GameMsgProtocol$UserDieResult <===> 12 
[10:50:24,392] [INFO] GameMsgRecognizer.init -->  org.cola.GuradCelia.msg.GameMsgProtocol$UserSubtractHpResult <===> 11 
[10:50:24,394] [INFO] GameMsgRecognizer.init -->  org.cola.GuradCelia.msg.GameMsgProtocol$UserAttkResult <===> 10 
[10:50:24,395] [INFO] GameMsgRecognizer.init -->  org.cola.GuradCelia.msg.GameMsgProtocol$UserAttkCmd <===> 9 
[10:50:24,397] [INFO] GameMsgRecognizer.init -->  org.cola.GuradCelia.msg.GameMsgProtocol$UserStopResult <===> 8 
[10:50:24,398] [INFO] GameMsgRecognizer.init -->  org.cola.GuradCelia.msg.GameMsgProtocol$UserStopCmd <===> 7 
[10:50:24,400] [INFO] GameMsgRecognizer.init -->  org.cola.GuradCelia.msg.GameMsgProtocol$UserQuitResult <===> 6 
[10:50:24,401] [INFO] GameMsgRecognizer.init -->  org.cola.GuradCelia.msg.GameMsgProtocol$UserMoveToResult <===> 5 
[10:50:24,402] [INFO] GameMsgRecognizer.init -->  org.cola.GuradCelia.msg.GameMsgProtocol$UserMoveToCmd <===> 4 
[10:50:24,405] [INFO] GameMsgRecognizer.init -->  org.cola.GuradCelia.msg.GameMsgProtocol$WhoElseIsHereResult <===> 3 
[10:50:24,407] [INFO] GameMsgRecognizer.init -->  org.cola.GuradCelia.msg.GameMsgProtocol$WhoElseIsHereCmd <===> 2 
[10:50:24,408] [INFO] GameMsgRecognizer.init -->  org.cola.GuradCelia.msg.GameMsgProtocol$UserEntryResult <===> 1 
[10:50:24,409] [INFO] GameMsgRecognizer.init -->  org.cola.GuradCelia.msg.GameMsgProtocol$UserEntryCmd <===> 0 
[10:50:24,696] [ERROR] MySqlSessionFactory.init --> MySql 数据库连接测试成功
[10:50:24,738] [INFO] RedisUtil.init --> Redis 连接成功！
[10:50:25,464] [INFO] MqProducer.init --> 消息队列 ( 生产者 ) 连接成功！
[10:50:25,812] [INFO] ServerMain.main --> 游戏服务器启动成功
[10:50:44,978] [INFO] MainMsgProcessor.process --> 收到客户端消息，msgClazz = UserLoginCmd , msgBody = userName: "a"
password: "1"

[10:50:44,979] [INFO] UserLoginCmdHandler.handle --> 当前线程 = MainMsgProcessor
[10:50:45,000] [INFO] LoginService$AsyncGetUserEntity.doAsync --> 当前线程 = AsyncOperationProcessor[1]
[10:50:45,132] [INFO] UserLoginCmdHandler.lambda$handle$0 --> 当前线程 = MainMsgProcessor
[10:50:45,178] [INFO] MainMsgProcessor.process --> 收到客户端消息，msgClazz = UserEntryCmd , msgBody = 
[10:50:45,178] [INFO] MainMsgProcessor.process --> 收到客户端消息，msgClazz = WhoElseIsHereCmd , msgBody = 
[10:50:53,132] [INFO] MainMsgProcessor.process --> 收到客户端消息，msgClazz = UserLoginCmd , msgBody = userName: "b"
password: "2"

[10:50:53,133] [INFO] UserLoginCmdHandler.handle --> 当前线程 = MainMsgProcessor
[10:50:53,134] [INFO] LoginService$AsyncGetUserEntity.doAsync --> 当前线程 = AsyncOperationProcessor[2]
[10:50:53,163] [INFO] UserLoginCmdHandler.lambda$handle$0 --> 当前线程 = MainMsgProcessor
[10:50:53,210] [INFO] MainMsgProcessor.process --> 收到客户端消息，msgClazz = UserEntryCmd , msgBody = 
[10:50:53,211] [INFO] MainMsgProcessor.process --> 收到客户端消息，msgClazz = WhoElseIsHereCmd , msgBody = 
[10:50:54,033] [INFO] MainMsgProcessor.process --> 收到客户端消息，msgClazz = UserAttkCmd , msgBody = targetUserId: 1

[10:50:54,033] [INFO] UserAttkCmdHandler.handle --> 当前线程 = MainMsgProcessor
[10:50:54,184] [INFO] MainMsgProcessor.process --> 收到客户端消息，msgClazz = UserAttkCmd , msgBody = targetUserId: 1

[10:50:54,184] [INFO] UserAttkCmdHandler.handle --> 当前线程 = MainMsgProcessor
[10:50:54,365] [INFO] MainMsgProcessor.process --> 收到客户端消息，msgClazz = UserAttkCmd , msgBody = targetUserId: 1

[10:50:54,366] [INFO] UserAttkCmdHandler.handle --> 当前线程 = MainMsgProcessor
[10:50:54,528] [INFO] MainMsgProcessor.process --> 收到客户端消息，msgClazz = UserAttkCmd , msgBody = targetUserId: 1

[10:50:54,529] [INFO] UserAttkCmdHandler.handle --> 当前线程 = MainMsgProcessor
[10:50:54,684] [INFO] MainMsgProcessor.process --> 收到客户端消息，msgClazz = UserAttkCmd , msgBody = targetUserId: 1

[10:50:54,684] [INFO] UserAttkCmdHandler.handle --> 当前线程 = MainMsgProcessor
[10:50:54,837] [INFO] MainMsgProcessor.process --> 收到客户端消息，msgClazz = UserAttkCmd , msgBody = targetUserId: 1

[10:50:54,837] [INFO] UserAttkCmdHandler.handle --> 当前线程 = MainMsgProcessor
[10:50:54,987] [INFO] MainMsgProcessor.process --> 收到客户端消息，msgClazz = UserAttkCmd , msgBody = targetUserId: 1

[10:50:54,988] [INFO] UserAttkCmdHandler.handle --> 当前线程 = MainMsgProcessor
[10:50:55,156] [INFO] MainMsgProcessor.process --> 收到客户端消息，msgClazz = UserAttkCmd , msgBody = targetUserId: 1

[10:50:55,156] [INFO] UserAttkCmdHandler.handle --> 当前线程 = MainMsgProcessor
[10:50:55,321] [INFO] MainMsgProcessor.process --> 收到客户端消息，msgClazz = UserAttkCmd , msgBody = targetUserId: 1

[10:50:55,322] [INFO] UserAttkCmdHandler.handle --> 当前线程 = MainMsgProcessor
[10:50:55,491] [INFO] MainMsgProcessor.process --> 收到客户端消息，msgClazz = UserAttkCmd , msgBody = targetUserId: 1

[10:50:55,492] [INFO] UserAttkCmdHandler.handle --> 当前线程 = MainMsgProcessor
[10:50:55,514] [ERROR] MqProducer.sendMsg --> No route info of this topic, herostory_victor
See http://rocketmq.apache.org/docs/faq/ for further details.
org.apache.rocketmq.client.exception.MQClientException: No route info of this topic, herostory_victor
See http://rocketmq.apache.org/docs/faq/ for further details.
	at org.apache.rocketmq.client.impl.producer.DefaultMQProducerImpl.sendDefaultImpl(DefaultMQProducerImpl.java:656)
	at org.apache.rocketmq.client.impl.producer.DefaultMQProducerImpl.send(DefaultMQProducerImpl.java:1279)
	at org.apache.rocketmq.client.impl.producer.DefaultMQProducerImpl.send(DefaultMQProducerImpl.java:1225)
	at org.apache.rocketmq.client.producer.DefaultMQProducer.send(DefaultMQProducer.java:283)
	at org.cola.GuradCelia.mq.MqProducer.sendMsg(MqProducer.java:67)
	at org.cola.GuradCelia.cmdhandler.UserAttkCmdHandler.handle(UserAttkCmdHandler.java:65)
	at org.cola.GuradCelia.cmdhandler.UserAttkCmdHandler.handle(UserAttkCmdHandler.java:17)
	at org.cola.GuradCelia.MainMsgProcessor.lambda$process$1(MainMsgProcessor.java:67)
	at java.util.concurrent.Executors$RunnableAdapter.call(Executors.java:511)
	at java.util.concurrent.FutureTask.run(FutureTask.java:266)
	at java.util.concurrent.ThreadPoolExecutor.runWorker(ThreadPoolExecutor.java:1149)
	at java.util.concurrent.ThreadPoolExecutor$Worker.run(ThreadPoolExecutor.java:624)
	at java.lang.Thread.run(Thread.java:750)
[10:50:55,674] [INFO] MainMsgProcessor.process --> 收到客户端消息，msgClazz = UserAttkCmd , msgBody = targetUserId: 1

[10:50:55,675] [INFO] UserAttkCmdHandler.handle --> 当前线程 = MainMsgProcessor
[10:50:55,675] [ERROR] MqProducer.sendMsg --> No route info of this topic, herostory_victor
See http://rocketmq.apache.org/docs/faq/ for further details.
org.apache.rocketmq.client.exception.MQClientException: No route info of this topic, herostory_victor
See http://rocketmq.apache.org/docs/faq/ for further details.
	at org.apache.rocketmq.client.impl.producer.DefaultMQProducerImpl.sendDefaultImpl(DefaultMQProducerImpl.java:656)
	at org.apache.rocketmq.client.impl.producer.DefaultMQProducerImpl.send(DefaultMQProducerImpl.java:1279)
	at org.apache.rocketmq.client.impl.producer.DefaultMQProducerImpl.send(DefaultMQProducerImpl.java:1225)
	at org.apache.rocketmq.client.producer.DefaultMQProducer.send(DefaultMQProducer.java:283)
	at org.cola.GuradCelia.mq.MqProducer.sendMsg(MqProducer.java:67)
	at org.cola.GuradCelia.cmdhandler.UserAttkCmdHandler.handle(UserAttkCmdHandler.java:65)
	at org.cola.GuradCelia.cmdhandler.UserAttkCmdHandler.handle(UserAttkCmdHandler.java:17)
	at org.cola.GuradCelia.MainMsgProcessor.lambda$process$1(MainMsgProcessor.java:67)
	at java.util.concurrent.Executors$RunnableAdapter.call(Executors.java:511)
	at java.util.concurrent.FutureTask.run(FutureTask.java:266)
	at java.util.concurrent.ThreadPoolExecutor.runWorker(ThreadPoolExecutor.java:1149)
	at java.util.concurrent.ThreadPoolExecutor$Worker.run(ThreadPoolExecutor.java:624)
	at java.lang.Thread.run(Thread.java:750)
[10:58:42,375] [INFO] CmdHandlerFactory.init --> ========= 完成命令与处理器的关联 =============
[10:58:42,427] [INFO] CmdHandlerFactory.init -->  org.cola.GuradCelia.msg.GameMsgProtocol$WhoElseIsHereCmd <====> org.cola.GuradCelia.cmdhandler.WhoElseIsHereHandler 
[10:58:42,428] [INFO] CmdHandlerFactory.init -->  org.cola.GuradCelia.msg.GameMsgProtocol$UserLoginCmd <====> org.cola.GuradCelia.cmdhandler.UserLoginCmdHandler 
[10:58:42,429] [INFO] CmdHandlerFactory.init -->  org.cola.GuradCelia.msg.GameMsgProtocol$UserAttkCmd <====> org.cola.GuradCelia.cmdhandler.UserAttkCmdHandler 
[10:58:42,430] [INFO] CmdHandlerFactory.init -->  org.cola.GuradCelia.msg.GameMsgProtocol$UserMoveToCmd <====> org.cola.GuradCelia.cmdhandler.UserMoveToCmdHandler 
[10:58:42,431] [INFO] CmdHandlerFactory.init -->  org.cola.GuradCelia.msg.GameMsgProtocol$UserEntryCmd <====> org.cola.GuradCelia.cmdhandler.UserEntryCmdHandler 
[10:58:42,434] [INFO] CmdHandlerFactory.init -->  org.cola.GuradCelia.msg.GameMsgProtocol$GetRankCmd <====> org.cola.GuradCelia.cmdhandler.GetRankCmdHandler 
[10:58:42,434] [INFO] GameMsgRecognizer.init --> ========= 完成消息类与消息编号映射 =============
[10:58:42,462] [INFO] GameMsgRecognizer.init -->  org.cola.GuradCelia.msg.GameMsgProtocol$GetRankResult <===> 18 
[10:58:42,464] [INFO] GameMsgRecognizer.init -->  org.cola.GuradCelia.msg.GameMsgProtocol$GetRankCmd <===> 17 
[10:58:42,465] [INFO] GameMsgRecognizer.init -->  org.cola.GuradCelia.msg.GameMsgProtocol$SelectHeroResult <===> 16 
[10:58:42,466] [INFO] GameMsgRecognizer.init -->  org.cola.GuradCelia.msg.GameMsgProtocol$SelectHeroCmd <===> 15 
[10:58:42,468] [INFO] GameMsgRecognizer.init -->  org.cola.GuradCelia.msg.GameMsgProtocol$UserLoginResult <===> 14 
[10:58:42,469] [INFO] GameMsgRecognizer.init -->  org.cola.GuradCelia.msg.GameMsgProtocol$UserLoginCmd <===> 13 
[10:58:42,471] [INFO] GameMsgRecognizer.init -->  org.cola.GuradCelia.msg.GameMsgProtocol$UserDieResult <===> 12 
[10:58:42,472] [INFO] GameMsgRecognizer.init -->  org.cola.GuradCelia.msg.GameMsgProtocol$UserSubtractHpResult <===> 11 
[10:58:42,474] [INFO] GameMsgRecognizer.init -->  org.cola.GuradCelia.msg.GameMsgProtocol$UserAttkResult <===> 10 
[10:58:42,475] [INFO] GameMsgRecognizer.init -->  org.cola.GuradCelia.msg.GameMsgProtocol$UserAttkCmd <===> 9 
[10:58:42,477] [INFO] GameMsgRecognizer.init -->  org.cola.GuradCelia.msg.GameMsgProtocol$UserStopResult <===> 8 
[10:58:42,478] [INFO] GameMsgRecognizer.init -->  org.cola.GuradCelia.msg.GameMsgProtocol$UserStopCmd <===> 7 
[10:58:42,479] [INFO] GameMsgRecognizer.init -->  org.cola.GuradCelia.msg.GameMsgProtocol$UserQuitResult <===> 6 
[10:58:42,480] [INFO] GameMsgRecognizer.init -->  org.cola.GuradCelia.msg.GameMsgProtocol$UserMoveToResult <===> 5 
[10:58:42,482] [INFO] GameMsgRecognizer.init -->  org.cola.GuradCelia.msg.GameMsgProtocol$UserMoveToCmd <===> 4 
[10:58:42,484] [INFO] GameMsgRecognizer.init -->  org.cola.GuradCelia.msg.GameMsgProtocol$WhoElseIsHereResult <===> 3 
[10:58:42,485] [INFO] GameMsgRecognizer.init -->  org.cola.GuradCelia.msg.GameMsgProtocol$WhoElseIsHereCmd <===> 2 
[10:58:42,487] [INFO] GameMsgRecognizer.init -->  org.cola.GuradCelia.msg.GameMsgProtocol$UserEntryResult <===> 1 
[10:58:42,488] [INFO] GameMsgRecognizer.init -->  org.cola.GuradCelia.msg.GameMsgProtocol$UserEntryCmd <===> 0 
[10:58:42,792] [ERROR] MySqlSessionFactory.init --> MySql 数据库连接测试成功
[10:58:42,834] [INFO] RedisUtil.init --> Redis 连接成功！
[10:58:43,579] [INFO] MqProducer.init --> 消息队列 ( 生产者 ) 连接成功！
[10:58:43,928] [INFO] ServerMain.main --> 游戏服务器启动成功
[10:58:52,870] [INFO] MainMsgProcessor.process --> 收到客户端消息，msgClazz = UserLoginCmd , msgBody = userName: "a"
password: "1"

[10:58:52,871] [INFO] UserLoginCmdHandler.handle --> 当前线程 = MainMsgProcessor
[10:58:52,893] [INFO] LoginService$AsyncGetUserEntity.doAsync --> 当前线程 = AsyncOperationProcessor[1]
[10:58:53,026] [INFO] UserLoginCmdHandler.lambda$handle$0 --> 当前线程 = MainMsgProcessor
[10:58:53,067] [INFO] MainMsgProcessor.process --> 收到客户端消息，msgClazz = UserEntryCmd , msgBody = 
[10:58:53,068] [INFO] MainMsgProcessor.process --> 收到客户端消息，msgClazz = WhoElseIsHereCmd , msgBody = 
[10:58:56,599] [INFO] MainMsgProcessor.process --> 收到客户端消息，msgClazz = UserLoginCmd , msgBody = userName: "b"
password: "2"

[10:58:56,599] [INFO] UserLoginCmdHandler.handle --> 当前线程 = MainMsgProcessor
[10:58:56,600] [INFO] LoginService$AsyncGetUserEntity.doAsync --> 当前线程 = AsyncOperationProcessor[2]
[10:58:56,629] [INFO] UserLoginCmdHandler.lambda$handle$0 --> 当前线程 = MainMsgProcessor
[10:58:56,665] [INFO] MainMsgProcessor.process --> 收到客户端消息，msgClazz = UserEntryCmd , msgBody = 
[10:58:56,665] [INFO] MainMsgProcessor.process --> 收到客户端消息，msgClazz = WhoElseIsHereCmd , msgBody = 
[10:58:57,515] [INFO] MainMsgProcessor.process --> 收到客户端消息，msgClazz = UserAttkCmd , msgBody = targetUserId: 1

[10:58:57,515] [INFO] UserAttkCmdHandler.handle --> 当前线程 = MainMsgProcessor
[10:58:57,656] [INFO] MainMsgProcessor.process --> 收到客户端消息，msgClazz = UserAttkCmd , msgBody = targetUserId: 1

[10:58:57,657] [INFO] UserAttkCmdHandler.handle --> 当前线程 = MainMsgProcessor
[10:58:57,818] [INFO] MainMsgProcessor.process --> 收到客户端消息，msgClazz = UserAttkCmd , msgBody = targetUserId: 1

[10:58:57,819] [INFO] UserAttkCmdHandler.handle --> 当前线程 = MainMsgProcessor
[10:58:57,981] [INFO] MainMsgProcessor.process --> 收到客户端消息，msgClazz = UserAttkCmd , msgBody = targetUserId: 1

[10:58:57,982] [INFO] UserAttkCmdHandler.handle --> 当前线程 = MainMsgProcessor
[10:58:58,140] [INFO] MainMsgProcessor.process --> 收到客户端消息，msgClazz = UserAttkCmd , msgBody = targetUserId: 1

[10:58:58,141] [INFO] UserAttkCmdHandler.handle --> 当前线程 = MainMsgProcessor
[10:58:58,293] [INFO] MainMsgProcessor.process --> 收到客户端消息，msgClazz = UserAttkCmd , msgBody = targetUserId: 1

[10:58:58,293] [INFO] UserAttkCmdHandler.handle --> 当前线程 = MainMsgProcessor
[10:58:58,450] [INFO] MainMsgProcessor.process --> 收到客户端消息，msgClazz = UserAttkCmd , msgBody = targetUserId: 1

[10:58:58,450] [INFO] UserAttkCmdHandler.handle --> 当前线程 = MainMsgProcessor
[10:58:58,610] [INFO] MainMsgProcessor.process --> 收到客户端消息，msgClazz = UserAttkCmd , msgBody = targetUserId: 1

[10:58:58,610] [INFO] UserAttkCmdHandler.handle --> 当前线程 = MainMsgProcessor
[10:58:58,770] [INFO] MainMsgProcessor.process --> 收到客户端消息，msgClazz = UserAttkCmd , msgBody = targetUserId: 1

[10:58:58,770] [INFO] UserAttkCmdHandler.handle --> 当前线程 = MainMsgProcessor
[10:58:58,925] [INFO] MainMsgProcessor.process --> 收到客户端消息，msgClazz = UserAttkCmd , msgBody = targetUserId: 1

[10:58:58,926] [INFO] UserAttkCmdHandler.handle --> 当前线程 = MainMsgProcessor
[11:00:33,596] [ERROR] MqProducer.sendMsg --> No route info of this topic, herostory_victor
See http://rocketmq.apache.org/docs/faq/ for further details.
org.apache.rocketmq.client.exception.MQClientException: No route info of this topic, herostory_victor
See http://rocketmq.apache.org/docs/faq/ for further details.
	at org.apache.rocketmq.client.impl.producer.DefaultMQProducerImpl.sendDefaultImpl(DefaultMQProducerImpl.java:656)
	at org.apache.rocketmq.client.impl.producer.DefaultMQProducerImpl.send(DefaultMQProducerImpl.java:1279)
	at org.apache.rocketmq.client.impl.producer.DefaultMQProducerImpl.send(DefaultMQProducerImpl.java:1225)
	at org.apache.rocketmq.client.producer.DefaultMQProducer.send(DefaultMQProducer.java:283)
	at org.cola.GuradCelia.mq.MqProducer.sendMsg(MqProducer.java:67)
	at org.cola.GuradCelia.cmdhandler.UserAttkCmdHandler.handle(UserAttkCmdHandler.java:65)
	at org.cola.GuradCelia.cmdhandler.UserAttkCmdHandler.handle(UserAttkCmdHandler.java:17)
	at org.cola.GuradCelia.MainMsgProcessor.lambda$process$1(MainMsgProcessor.java:67)
	at java.util.concurrent.Executors$RunnableAdapter.call(Executors.java:511)
	at java.util.concurrent.FutureTask.run$$$capture(FutureTask.java:266)
	at java.util.concurrent.FutureTask.run(FutureTask.java)
	at java.util.concurrent.ThreadPoolExecutor.runWorker(ThreadPoolExecutor.java:1149)
	at java.util.concurrent.ThreadPoolExecutor$Worker.run(ThreadPoolExecutor.java:624)
	at java.lang.Thread.run(Thread.java:750)
[11:00:36,807] [INFO] CmdHandlerFactory.init --> ========= 完成命令与处理器的关联 =============
[11:00:36,843] [INFO] CmdHandlerFactory.init -->  org.cola.GuradCelia.msg.GameMsgProtocol$UserAttkCmd <====> org.cola.GuradCelia.cmdhandler.UserAttkCmdHandler 
[11:00:36,844] [INFO] CmdHandlerFactory.init -->  org.cola.GuradCelia.msg.GameMsgProtocol$UserLoginCmd <====> org.cola.GuradCelia.cmdhandler.UserLoginCmdHandler 
[11:00:36,845] [INFO] CmdHandlerFactory.init -->  org.cola.GuradCelia.msg.GameMsgProtocol$WhoElseIsHereCmd <====> org.cola.GuradCelia.cmdhandler.WhoElseIsHereHandler 
[11:00:36,845] [INFO] CmdHandlerFactory.init -->  org.cola.GuradCelia.msg.GameMsgProtocol$GetRankCmd <====> org.cola.GuradCelia.cmdhandler.GetRankCmdHandler 
[11:00:36,846] [INFO] CmdHandlerFactory.init -->  org.cola.GuradCelia.msg.GameMsgProtocol$UserEntryCmd <====> org.cola.GuradCelia.cmdhandler.UserEntryCmdHandler 
[11:00:36,848] [INFO] CmdHandlerFactory.init -->  org.cola.GuradCelia.msg.GameMsgProtocol$UserMoveToCmd <====> org.cola.GuradCelia.cmdhandler.UserMoveToCmdHandler 
[11:00:36,849] [INFO] GameMsgRecognizer.init --> ========= 完成消息类与消息编号映射 =============
[11:00:36,872] [INFO] GameMsgRecognizer.init -->  org.cola.GuradCelia.msg.GameMsgProtocol$GetRankResult <===> 18 
[11:00:36,873] [INFO] GameMsgRecognizer.init -->  org.cola.GuradCelia.msg.GameMsgProtocol$GetRankCmd <===> 17 
[11:00:36,874] [INFO] GameMsgRecognizer.init -->  org.cola.GuradCelia.msg.GameMsgProtocol$SelectHeroResult <===> 16 
[11:00:36,876] [INFO] GameMsgRecognizer.init -->  org.cola.GuradCelia.msg.GameMsgProtocol$SelectHeroCmd <===> 15 
[11:00:36,877] [INFO] GameMsgRecognizer.init -->  org.cola.GuradCelia.msg.GameMsgProtocol$UserLoginResult <===> 14 
[11:00:36,878] [INFO] GameMsgRecognizer.init -->  org.cola.GuradCelia.msg.GameMsgProtocol$UserLoginCmd <===> 13 
[11:00:36,878] [INFO] GameMsgRecognizer.init -->  org.cola.GuradCelia.msg.GameMsgProtocol$UserDieResult <===> 12 
[11:00:36,879] [INFO] GameMsgRecognizer.init -->  org.cola.GuradCelia.msg.GameMsgProtocol$UserSubtractHpResult <===> 11 
[11:00:36,881] [INFO] GameMsgRecognizer.init -->  org.cola.GuradCelia.msg.GameMsgProtocol$UserAttkResult <===> 10 
[11:00:36,882] [INFO] GameMsgRecognizer.init -->  org.cola.GuradCelia.msg.GameMsgProtocol$UserAttkCmd <===> 9 
[11:00:36,884] [INFO] GameMsgRecognizer.init -->  org.cola.GuradCelia.msg.GameMsgProtocol$UserStopResult <===> 8 
[11:00:36,885] [INFO] GameMsgRecognizer.init -->  org.cola.GuradCelia.msg.GameMsgProtocol$UserStopCmd <===> 7 
[11:00:36,886] [INFO] GameMsgRecognizer.init -->  org.cola.GuradCelia.msg.GameMsgProtocol$UserQuitResult <===> 6 
[11:00:36,887] [INFO] GameMsgRecognizer.init -->  org.cola.GuradCelia.msg.GameMsgProtocol$UserMoveToResult <===> 5 
[11:00:36,888] [INFO] GameMsgRecognizer.init -->  org.cola.GuradCelia.msg.GameMsgProtocol$UserMoveToCmd <===> 4 
[11:00:36,890] [INFO] GameMsgRecognizer.init -->  org.cola.GuradCelia.msg.GameMsgProtocol$WhoElseIsHereResult <===> 3 
[11:00:36,891] [INFO] GameMsgRecognizer.init -->  org.cola.GuradCelia.msg.GameMsgProtocol$WhoElseIsHereCmd <===> 2 
[11:00:36,892] [INFO] GameMsgRecognizer.init -->  org.cola.GuradCelia.msg.GameMsgProtocol$UserEntryResult <===> 1 
[11:00:36,893] [INFO] GameMsgRecognizer.init -->  org.cola.GuradCelia.msg.GameMsgProtocol$UserEntryCmd <===> 0 
[11:00:37,146] [ERROR] MySqlSessionFactory.init --> MySql 数据库连接测试成功
[11:00:37,184] [INFO] RedisUtil.init --> Redis 连接成功！
[11:00:37,896] [INFO] MqProducer.init --> 消息队列 ( 生产者 ) 连接成功！
[11:00:38,211] [INFO] ServerMain.main --> 游戏服务器启动成功
[11:00:45,864] [INFO] MainMsgProcessor.process --> 收到客户端消息，msgClazz = UserLoginCmd , msgBody = userName: "a"
password: "1"

[11:00:45,865] [INFO] UserLoginCmdHandler.handle --> 当前线程 = MainMsgProcessor
[11:00:45,885] [INFO] LoginService$AsyncGetUserEntity.doAsync --> 当前线程 = AsyncOperationProcessor[1]
[11:00:45,987] [INFO] UserLoginCmdHandler.lambda$handle$0 --> 当前线程 = MainMsgProcessor
[11:00:46,031] [INFO] MainMsgProcessor.process --> 收到客户端消息，msgClazz = UserEntryCmd , msgBody = 
[11:00:46,031] [INFO] MainMsgProcessor.process --> 收到客户端消息，msgClazz = WhoElseIsHereCmd , msgBody = 
[11:00:48,570] [INFO] MainMsgProcessor.process --> 收到客户端消息，msgClazz = UserLoginCmd , msgBody = userName: "b"
password: "2"

[11:00:48,571] [INFO] UserLoginCmdHandler.handle --> 当前线程 = MainMsgProcessor
[11:00:48,572] [INFO] LoginService$AsyncGetUserEntity.doAsync --> 当前线程 = AsyncOperationProcessor[2]
[11:00:48,605] [INFO] UserLoginCmdHandler.lambda$handle$0 --> 当前线程 = MainMsgProcessor
[11:00:48,647] [INFO] MainMsgProcessor.process --> 收到客户端消息，msgClazz = UserEntryCmd , msgBody = 
[11:00:48,648] [INFO] MainMsgProcessor.process --> 收到客户端消息，msgClazz = WhoElseIsHereCmd , msgBody = 
[11:00:49,088] [INFO] MainMsgProcessor.process --> 收到客户端消息，msgClazz = UserAttkCmd , msgBody = targetUserId: 1

[11:00:49,088] [INFO] UserAttkCmdHandler.handle --> 当前线程 = MainMsgProcessor
[11:00:49,229] [INFO] MainMsgProcessor.process --> 收到客户端消息，msgClazz = UserAttkCmd , msgBody = targetUserId: 1

[11:00:49,229] [INFO] UserAttkCmdHandler.handle --> 当前线程 = MainMsgProcessor
[11:00:49,378] [INFO] MainMsgProcessor.process --> 收到客户端消息，msgClazz = UserAttkCmd , msgBody = targetUserId: 1

[11:00:49,378] [INFO] UserAttkCmdHandler.handle --> 当前线程 = MainMsgProcessor
[11:00:49,530] [INFO] MainMsgProcessor.process --> 收到客户端消息，msgClazz = UserAttkCmd , msgBody = targetUserId: 1

[11:00:49,530] [INFO] UserAttkCmdHandler.handle --> 当前线程 = MainMsgProcessor
[11:00:49,678] [INFO] MainMsgProcessor.process --> 收到客户端消息，msgClazz = UserAttkCmd , msgBody = targetUserId: 1

[11:00:49,678] [INFO] UserAttkCmdHandler.handle --> 当前线程 = MainMsgProcessor
[11:00:49,827] [INFO] MainMsgProcessor.process --> 收到客户端消息，msgClazz = UserAttkCmd , msgBody = targetUserId: 1

[11:00:49,827] [INFO] UserAttkCmdHandler.handle --> 当前线程 = MainMsgProcessor
[11:00:49,985] [INFO] MainMsgProcessor.process --> 收到客户端消息，msgClazz = UserAttkCmd , msgBody = targetUserId: 1

[11:00:49,985] [INFO] UserAttkCmdHandler.handle --> 当前线程 = MainMsgProcessor
[11:00:50,138] [INFO] MainMsgProcessor.process --> 收到客户端消息，msgClazz = UserAttkCmd , msgBody = targetUserId: 1

[11:00:50,138] [INFO] UserAttkCmdHandler.handle --> 当前线程 = MainMsgProcessor
[11:00:50,298] [INFO] MainMsgProcessor.process --> 收到客户端消息，msgClazz = UserAttkCmd , msgBody = targetUserId: 1

[11:00:50,298] [INFO] UserAttkCmdHandler.handle --> 当前线程 = MainMsgProcessor
[11:00:50,456] [INFO] MainMsgProcessor.process --> 收到客户端消息，msgClazz = UserAttkCmd , msgBody = targetUserId: 1

[11:00:50,456] [INFO] UserAttkCmdHandler.handle --> 当前线程 = MainMsgProcessor
[11:00:50,595] [INFO] MainMsgProcessor.process --> 收到客户端消息，msgClazz = UserAttkCmd , msgBody = targetUserId: 1

[11:00:50,595] [INFO] UserAttkCmdHandler.handle --> 当前线程 = MainMsgProcessor
[11:02:50,601] [INFO] Slf4jLoggerFactory$Slf4jLogger.info --> closeChannel: close the connection to remote address[192.168.56.163:10909] result: true
[11:03:07,916] [INFO] CmdHandlerFactory.init --> ========= 完成命令与处理器的关联 =============
[11:03:07,954] [INFO] CmdHandlerFactory.init -->  org.cola.GuradCelia.msg.GameMsgProtocol$UserAttkCmd <====> org.cola.GuradCelia.cmdhandler.UserAttkCmdHandler 
[11:03:07,955] [INFO] CmdHandlerFactory.init -->  org.cola.GuradCelia.msg.GameMsgProtocol$UserLoginCmd <====> org.cola.GuradCelia.cmdhandler.UserLoginCmdHandler 
[11:03:07,956] [INFO] CmdHandlerFactory.init -->  org.cola.GuradCelia.msg.GameMsgProtocol$WhoElseIsHereCmd <====> org.cola.GuradCelia.cmdhandler.WhoElseIsHereHandler 
[11:03:07,957] [INFO] CmdHandlerFactory.init -->  org.cola.GuradCelia.msg.GameMsgProtocol$GetRankCmd <====> org.cola.GuradCelia.cmdhandler.GetRankCmdHandler 
[11:03:07,958] [INFO] CmdHandlerFactory.init -->  org.cola.GuradCelia.msg.GameMsgProtocol$UserEntryCmd <====> org.cola.GuradCelia.cmdhandler.UserEntryCmdHandler 
[11:03:07,959] [INFO] CmdHandlerFactory.init -->  org.cola.GuradCelia.msg.GameMsgProtocol$UserMoveToCmd <====> org.cola.GuradCelia.cmdhandler.UserMoveToCmdHandler 
[11:03:07,960] [INFO] GameMsgRecognizer.init --> ========= 完成消息类与消息编号映射 =============
[11:03:07,981] [INFO] GameMsgRecognizer.init -->  org.cola.GuradCelia.msg.GameMsgProtocol$GetRankResult <===> 18 
[11:03:07,983] [INFO] GameMsgRecognizer.init -->  org.cola.GuradCelia.msg.GameMsgProtocol$GetRankCmd <===> 17 
[11:03:07,984] [INFO] GameMsgRecognizer.init -->  org.cola.GuradCelia.msg.GameMsgProtocol$SelectHeroResult <===> 16 
[11:03:07,985] [INFO] GameMsgRecognizer.init -->  org.cola.GuradCelia.msg.GameMsgProtocol$SelectHeroCmd <===> 15 
[11:03:07,986] [INFO] GameMsgRecognizer.init -->  org.cola.GuradCelia.msg.GameMsgProtocol$UserLoginResult <===> 14 
[11:03:07,987] [INFO] GameMsgRecognizer.init -->  org.cola.GuradCelia.msg.GameMsgProtocol$UserLoginCmd <===> 13 
[11:03:07,988] [INFO] GameMsgRecognizer.init -->  org.cola.GuradCelia.msg.GameMsgProtocol$UserDieResult <===> 12 
[11:03:07,989] [INFO] GameMsgRecognizer.init -->  org.cola.GuradCelia.msg.GameMsgProtocol$UserSubtractHpResult <===> 11 
[11:03:07,991] [INFO] GameMsgRecognizer.init -->  org.cola.GuradCelia.msg.GameMsgProtocol$UserAttkResult <===> 10 
[11:03:07,992] [INFO] GameMsgRecognizer.init -->  org.cola.GuradCelia.msg.GameMsgProtocol$UserAttkCmd <===> 9 
[11:03:07,993] [INFO] GameMsgRecognizer.init -->  org.cola.GuradCelia.msg.GameMsgProtocol$UserStopResult <===> 8 
[11:03:07,994] [INFO] GameMsgRecognizer.init -->  org.cola.GuradCelia.msg.GameMsgProtocol$UserStopCmd <===> 7 
[11:03:07,995] [INFO] GameMsgRecognizer.init -->  org.cola.GuradCelia.msg.GameMsgProtocol$UserQuitResult <===> 6 
[11:03:07,996] [INFO] GameMsgRecognizer.init -->  org.cola.GuradCelia.msg.GameMsgProtocol$UserMoveToResult <===> 5 
[11:03:07,997] [INFO] GameMsgRecognizer.init -->  org.cola.GuradCelia.msg.GameMsgProtocol$UserMoveToCmd <===> 4 
[11:03:07,999] [INFO] GameMsgRecognizer.init -->  org.cola.GuradCelia.msg.GameMsgProtocol$WhoElseIsHereResult <===> 3 
[11:03:08,000] [INFO] GameMsgRecognizer.init -->  org.cola.GuradCelia.msg.GameMsgProtocol$WhoElseIsHereCmd <===> 2 
[11:03:08,001] [INFO] GameMsgRecognizer.init -->  org.cola.GuradCelia.msg.GameMsgProtocol$UserEntryResult <===> 1 
[11:03:08,002] [INFO] GameMsgRecognizer.init -->  org.cola.GuradCelia.msg.GameMsgProtocol$UserEntryCmd <===> 0 
[11:03:08,253] [ERROR] MySqlSessionFactory.init --> MySql 数据库连接测试成功
[11:03:08,291] [INFO] RedisUtil.init --> Redis 连接成功！
[11:03:09,014] [INFO] MqProducer.init --> 消息队列 ( 生产者 ) 连接成功！
[11:03:09,329] [INFO] ServerMain.main --> 游戏服务器启动成功
[11:03:12,678] [INFO] MainMsgProcessor.process --> 收到客户端消息，msgClazz = UserAttkCmd , msgBody = targetUserId: 1

[11:03:17,088] [INFO] MainMsgProcessor.process --> 收到客户端消息，msgClazz = UserLoginCmd , msgBody = userName: "a"
password: "1"

[11:03:17,089] [INFO] UserLoginCmdHandler.handle --> 当前线程 = MainMsgProcessor
[11:03:17,108] [INFO] LoginService$AsyncGetUserEntity.doAsync --> 当前线程 = AsyncOperationProcessor[1]
[11:03:17,210] [INFO] UserLoginCmdHandler.lambda$handle$0 --> 当前线程 = MainMsgProcessor
[11:03:17,245] [INFO] MainMsgProcessor.process --> 收到客户端消息，msgClazz = UserEntryCmd , msgBody = 
[11:03:17,245] [INFO] MainMsgProcessor.process --> 收到客户端消息，msgClazz = WhoElseIsHereCmd , msgBody = 
[11:03:20,282] [INFO] MainMsgProcessor.process --> 收到客户端消息，msgClazz = UserLoginCmd , msgBody = userName: "b"
password: "2"

[11:03:20,282] [INFO] UserLoginCmdHandler.handle --> 当前线程 = MainMsgProcessor
[11:03:20,283] [INFO] LoginService$AsyncGetUserEntity.doAsync --> 当前线程 = AsyncOperationProcessor[2]
[11:03:20,311] [INFO] UserLoginCmdHandler.lambda$handle$0 --> 当前线程 = MainMsgProcessor
[11:03:20,345] [INFO] MainMsgProcessor.process --> 收到客户端消息，msgClazz = UserEntryCmd , msgBody = 
[11:03:20,345] [INFO] MainMsgProcessor.process --> 收到客户端消息，msgClazz = WhoElseIsHereCmd , msgBody = 
[11:03:20,965] [INFO] MainMsgProcessor.process --> 收到客户端消息，msgClazz = UserAttkCmd , msgBody = targetUserId: 1

[11:03:20,965] [INFO] UserAttkCmdHandler.handle --> 当前线程 = MainMsgProcessor
[11:03:21,102] [INFO] MainMsgProcessor.process --> 收到客户端消息，msgClazz = UserAttkCmd , msgBody = targetUserId: 1

[11:03:21,103] [INFO] UserAttkCmdHandler.handle --> 当前线程 = MainMsgProcessor
[11:03:21,264] [INFO] MainMsgProcessor.process --> 收到客户端消息，msgClazz = UserAttkCmd , msgBody = targetUserId: 1

[11:03:21,264] [INFO] UserAttkCmdHandler.handle --> 当前线程 = MainMsgProcessor
[11:03:21,441] [INFO] MainMsgProcessor.process --> 收到客户端消息，msgClazz = UserAttkCmd , msgBody = targetUserId: 1

[11:03:21,441] [INFO] UserAttkCmdHandler.handle --> 当前线程 = MainMsgProcessor
[11:03:21,601] [INFO] MainMsgProcessor.process --> 收到客户端消息，msgClazz = UserAttkCmd , msgBody = targetUserId: 1

[11:03:21,602] [INFO] UserAttkCmdHandler.handle --> 当前线程 = MainMsgProcessor
[11:03:21,766] [INFO] MainMsgProcessor.process --> 收到客户端消息，msgClazz = UserAttkCmd , msgBody = targetUserId: 1

[11:03:21,767] [INFO] UserAttkCmdHandler.handle --> 当前线程 = MainMsgProcessor
[11:03:21,934] [INFO] MainMsgProcessor.process --> 收到客户端消息，msgClazz = UserAttkCmd , msgBody = targetUserId: 1

[11:03:21,934] [INFO] UserAttkCmdHandler.handle --> 当前线程 = MainMsgProcessor
[11:03:22,093] [INFO] MainMsgProcessor.process --> 收到客户端消息，msgClazz = UserAttkCmd , msgBody = targetUserId: 1

[11:03:22,094] [INFO] UserAttkCmdHandler.handle --> 当前线程 = MainMsgProcessor
[11:03:22,255] [INFO] MainMsgProcessor.process --> 收到客户端消息，msgClazz = UserAttkCmd , msgBody = targetUserId: 1

[11:03:22,255] [INFO] UserAttkCmdHandler.handle --> 当前线程 = MainMsgProcessor
[11:03:22,415] [INFO] MainMsgProcessor.process --> 收到客户端消息，msgClazz = UserAttkCmd , msgBody = targetUserId: 1

[11:03:22,415] [INFO] UserAttkCmdHandler.handle --> 当前线程 = MainMsgProcessor
[11:03:22,541] [INFO] MqProducer.sendMsg --> producer 消息 --->SendResult [sendStatus=SEND_OK, msgId=C0A81FA60F9818B4AAC297B7C2A80000, offsetMsgId=C0A838A300002A9F0000000000084EDC, messageQueue=MessageQueue [topic=herostory_victor, brokerName=rocketmqOS, queueId=2], queueOffset=0]
[11:03:22,564] [INFO] MainMsgProcessor.process --> 收到客户端消息，msgClazz = UserAttkCmd , msgBody = targetUserId: 1

[11:03:22,565] [INFO] UserAttkCmdHandler.handle --> 当前线程 = MainMsgProcessor
[11:03:22,566] [INFO] MqProducer.sendMsg --> producer 消息 --->SendResult [sendStatus=SEND_OK, msgId=C0A81FA60F9818B4AAC297B7C2C50001, offsetMsgId=C0A838A300002A9F0000000000084FA2, messageQueue=MessageQueue [topic=herostory_victor, brokerName=rocketmqOS, queueId=3], queueOffset=1]
[11:03:41,028] [INFO] MainMsgProcessor.process --> 收到客户端消息，msgClazz = UserAttkCmd , msgBody = targetUserId: 1

[11:03:41,028] [INFO] UserAttkCmdHandler.handle --> 当前线程 = MainMsgProcessor
[11:03:41,030] [INFO] MqProducer.sendMsg --> producer 消息 --->SendResult [sendStatus=SEND_OK, msgId=C0A81FA60F9818B4AAC297B80AE40002, offsetMsgId=C0A838A300002A9F0000000000085068, messageQueue=MessageQueue [topic=herostory_victor, brokerName=rocketmqOS, queueId=0], queueOffset=1]
[11:04:41,484] [INFO] CmdHandlerFactory.init --> ========= 完成命令与处理器的关联 =============
[11:04:41,520] [INFO] CmdHandlerFactory.init -->  org.cola.GuradCelia.msg.GameMsgProtocol$UserAttkCmd <====> org.cola.GuradCelia.cmdhandler.UserAttkCmdHandler 
[11:04:41,522] [INFO] CmdHandlerFactory.init -->  org.cola.GuradCelia.msg.GameMsgProtocol$UserLoginCmd <====> org.cola.GuradCelia.cmdhandler.UserLoginCmdHandler 
[11:04:41,522] [INFO] CmdHandlerFactory.init -->  org.cola.GuradCelia.msg.GameMsgProtocol$WhoElseIsHereCmd <====> org.cola.GuradCelia.cmdhandler.WhoElseIsHereHandler 
[11:04:41,523] [INFO] CmdHandlerFactory.init -->  org.cola.GuradCelia.msg.GameMsgProtocol$GetRankCmd <====> org.cola.GuradCelia.cmdhandler.GetRankCmdHandler 
[11:04:41,524] [INFO] CmdHandlerFactory.init -->  org.cola.GuradCelia.msg.GameMsgProtocol$UserEntryCmd <====> org.cola.GuradCelia.cmdhandler.UserEntryCmdHandler 
[11:04:41,527] [INFO] CmdHandlerFactory.init -->  org.cola.GuradCelia.msg.GameMsgProtocol$UserMoveToCmd <====> org.cola.GuradCelia.cmdhandler.UserMoveToCmdHandler 
[11:04:41,527] [INFO] GameMsgRecognizer.init --> ========= 完成消息类与消息编号映射 =============
[11:04:41,549] [INFO] GameMsgRecognizer.init -->  org.cola.GuradCelia.msg.GameMsgProtocol$GetRankResult <===> 18 
[11:04:41,550] [INFO] GameMsgRecognizer.init -->  org.cola.GuradCelia.msg.GameMsgProtocol$GetRankCmd <===> 17 
[11:04:41,551] [INFO] GameMsgRecognizer.init -->  org.cola.GuradCelia.msg.GameMsgProtocol$SelectHeroResult <===> 16 
[11:04:41,552] [INFO] GameMsgRecognizer.init -->  org.cola.GuradCelia.msg.GameMsgProtocol$SelectHeroCmd <===> 15 
[11:04:41,553] [INFO] GameMsgRecognizer.init -->  org.cola.GuradCelia.msg.GameMsgProtocol$UserLoginResult <===> 14 
[11:04:41,555] [INFO] GameMsgRecognizer.init -->  org.cola.GuradCelia.msg.GameMsgProtocol$UserLoginCmd <===> 13 
[11:04:41,556] [INFO] GameMsgRecognizer.init -->  org.cola.GuradCelia.msg.GameMsgProtocol$UserDieResult <===> 12 
[11:04:41,557] [INFO] GameMsgRecognizer.init -->  org.cola.GuradCelia.msg.GameMsgProtocol$UserSubtractHpResult <===> 11 
[11:04:41,559] [INFO] GameMsgRecognizer.init -->  org.cola.GuradCelia.msg.GameMsgProtocol$UserAttkResult <===> 10 
[11:04:41,560] [INFO] GameMsgRecognizer.init -->  org.cola.GuradCelia.msg.GameMsgProtocol$UserAttkCmd <===> 9 
[11:04:41,561] [INFO] GameMsgRecognizer.init -->  org.cola.GuradCelia.msg.GameMsgProtocol$UserStopResult <===> 8 
[11:04:41,562] [INFO] GameMsgRecognizer.init -->  org.cola.GuradCelia.msg.GameMsgProtocol$UserStopCmd <===> 7 
[11:04:41,563] [INFO] GameMsgRecognizer.init -->  org.cola.GuradCelia.msg.GameMsgProtocol$UserQuitResult <===> 6 
[11:04:41,564] [INFO] GameMsgRecognizer.init -->  org.cola.GuradCelia.msg.GameMsgProtocol$UserMoveToResult <===> 5 
[11:04:41,565] [INFO] GameMsgRecognizer.init -->  org.cola.GuradCelia.msg.GameMsgProtocol$UserMoveToCmd <===> 4 
[11:04:41,567] [INFO] GameMsgRecognizer.init -->  org.cola.GuradCelia.msg.GameMsgProtocol$WhoElseIsHereResult <===> 3 
[11:04:41,568] [INFO] GameMsgRecognizer.init -->  org.cola.GuradCelia.msg.GameMsgProtocol$WhoElseIsHereCmd <===> 2 
[11:04:41,568] [INFO] GameMsgRecognizer.init -->  org.cola.GuradCelia.msg.GameMsgProtocol$UserEntryResult <===> 1 
[11:04:41,569] [INFO] GameMsgRecognizer.init -->  org.cola.GuradCelia.msg.GameMsgProtocol$UserEntryCmd <===> 0 
[11:04:41,835] [ERROR] MySqlSessionFactory.init --> MySql 数据库连接测试成功
[11:04:41,875] [INFO] RedisUtil.init --> Redis 连接成功！
[11:04:42,585] [INFO] MqProducer.init --> 消息队列 ( 生产者 ) 连接成功！
[11:04:42,898] [INFO] ServerMain.main --> 游戏服务器启动成功
[11:04:48,621] [INFO] MainMsgProcessor.process --> 收到客户端消息，msgClazz = UserLoginCmd , msgBody = userName: "a"
password: "1"

[11:04:48,622] [INFO] UserLoginCmdHandler.handle --> 当前线程 = MainMsgProcessor
[11:04:48,641] [INFO] LoginService$AsyncGetUserEntity.doAsync --> 当前线程 = AsyncOperationProcessor[1]
[11:04:48,738] [INFO] UserLoginCmdHandler.lambda$handle$0 --> 当前线程 = MainMsgProcessor
[11:04:48,776] [INFO] MainMsgProcessor.process --> 收到客户端消息，msgClazz = UserEntryCmd , msgBody = 
[11:04:48,776] [INFO] MainMsgProcessor.process --> 收到客户端消息，msgClazz = WhoElseIsHereCmd , msgBody = 
[11:04:51,255] [INFO] MainMsgProcessor.process --> 收到客户端消息，msgClazz = UserLoginCmd , msgBody = userName: "b"
password: "2"

[11:04:51,255] [INFO] UserLoginCmdHandler.handle --> 当前线程 = MainMsgProcessor
[11:04:51,257] [INFO] LoginService$AsyncGetUserEntity.doAsync --> 当前线程 = AsyncOperationProcessor[2]
[11:04:51,286] [INFO] UserLoginCmdHandler.lambda$handle$0 --> 当前线程 = MainMsgProcessor
[11:04:51,323] [INFO] MainMsgProcessor.process --> 收到客户端消息，msgClazz = UserEntryCmd , msgBody = 
[11:04:51,324] [INFO] MainMsgProcessor.process --> 收到客户端消息，msgClazz = WhoElseIsHereCmd , msgBody = 
[11:04:52,623] [INFO] MainMsgProcessor.process --> 收到客户端消息，msgClazz = UserAttkCmd , msgBody = targetUserId: 1

[11:04:52,623] [INFO] UserAttkCmdHandler.handle --> 当前线程 = MainMsgProcessor
[11:04:52,831] [INFO] MainMsgProcessor.process --> 收到客户端消息，msgClazz = UserAttkCmd , msgBody = targetUserId: 1

[11:04:52,832] [INFO] UserAttkCmdHandler.handle --> 当前线程 = MainMsgProcessor
[11:04:53,094] [INFO] MainMsgProcessor.process --> 收到客户端消息，msgClazz = UserAttkCmd , msgBody = targetUserId: 1

[11:04:53,095] [INFO] UserAttkCmdHandler.handle --> 当前线程 = MainMsgProcessor
[11:04:53,384] [INFO] MainMsgProcessor.process --> 收到客户端消息，msgClazz = UserAttkCmd , msgBody = targetUserId: 1

[11:04:53,385] [INFO] UserAttkCmdHandler.handle --> 当前线程 = MainMsgProcessor
[11:04:53,671] [INFO] MainMsgProcessor.process --> 收到客户端消息，msgClazz = UserAttkCmd , msgBody = targetUserId: 1

[11:04:53,671] [INFO] UserAttkCmdHandler.handle --> 当前线程 = MainMsgProcessor
[11:04:54,119] [INFO] MainMsgProcessor.process --> 收到客户端消息，msgClazz = UserAttkCmd , msgBody = targetUserId: 1

[11:04:54,119] [INFO] UserAttkCmdHandler.handle --> 当前线程 = MainMsgProcessor
[11:04:54,527] [INFO] MainMsgProcessor.process --> 收到客户端消息，msgClazz = UserAttkCmd , msgBody = targetUserId: 1

[11:04:54,527] [INFO] UserAttkCmdHandler.handle --> 当前线程 = MainMsgProcessor
[11:04:54,905] [INFO] MainMsgProcessor.process --> 收到客户端消息，msgClazz = UserAttkCmd , msgBody = targetUserId: 1

[11:04:54,906] [INFO] UserAttkCmdHandler.handle --> 当前线程 = MainMsgProcessor
[11:04:55,488] [INFO] MainMsgProcessor.process --> 收到客户端消息，msgClazz = UserAttkCmd , msgBody = targetUserId: 1

[11:04:55,488] [INFO] UserAttkCmdHandler.handle --> 当前线程 = MainMsgProcessor
[11:04:56,355] [INFO] MainMsgProcessor.process --> 收到客户端消息，msgClazz = UserAttkCmd , msgBody = targetUserId: 1

[11:04:56,355] [INFO] UserAttkCmdHandler.handle --> 当前线程 = MainMsgProcessor
[11:04:56,480] [INFO] MqProducer.sendMsg --> producer 发送消息 --->SendResult [sendStatus=SEND_OK, msgId=C0A81FA633C018B4AAC297B9319B0000, offsetMsgId=C0A838A300002A9F000000000008512E, messageQueue=MessageQueue [topic=herostory_victor, brokerName=rocketmqOS, queueId=2], queueOffset=1]
[11:12:35,157] [INFO] CmdHandlerFactory.init --> ========= 完成命令与处理器的关联 =============
[11:12:35,198] [INFO] CmdHandlerFactory.init -->  org.cola.GuradCelia.msg.GameMsgProtocol$UserAttkCmd <====> org.cola.GuradCelia.cmdhandler.UserAttkCmdHandler 
[11:12:35,200] [INFO] CmdHandlerFactory.init -->  org.cola.GuradCelia.msg.GameMsgProtocol$UserLoginCmd <====> org.cola.GuradCelia.cmdhandler.UserLoginCmdHandler 
[11:12:35,201] [INFO] CmdHandlerFactory.init -->  org.cola.GuradCelia.msg.GameMsgProtocol$WhoElseIsHereCmd <====> org.cola.GuradCelia.cmdhandler.WhoElseIsHereHandler 
[11:12:35,202] [INFO] CmdHandlerFactory.init -->  org.cola.GuradCelia.msg.GameMsgProtocol$GetRankCmd <====> org.cola.GuradCelia.cmdhandler.GetRankCmdHandler 
[11:12:35,203] [INFO] CmdHandlerFactory.init -->  org.cola.GuradCelia.msg.GameMsgProtocol$UserEntryCmd <====> org.cola.GuradCelia.cmdhandler.UserEntryCmdHandler 
[11:12:35,205] [INFO] CmdHandlerFactory.init -->  org.cola.GuradCelia.msg.GameMsgProtocol$UserMoveToCmd <====> org.cola.GuradCelia.cmdhandler.UserMoveToCmdHandler 
[11:12:35,206] [INFO] GameMsgRecognizer.init --> ========= 完成消息类与消息编号映射 =============
[11:12:35,228] [INFO] GameMsgRecognizer.init -->  org.cola.GuradCelia.msg.GameMsgProtocol$GetRankResult <===> 18 
[11:12:35,230] [INFO] GameMsgRecognizer.init -->  org.cola.GuradCelia.msg.GameMsgProtocol$GetRankCmd <===> 17 
[11:12:35,231] [INFO] GameMsgRecognizer.init -->  org.cola.GuradCelia.msg.GameMsgProtocol$SelectHeroResult <===> 16 
[11:12:35,232] [INFO] GameMsgRecognizer.init -->  org.cola.GuradCelia.msg.GameMsgProtocol$SelectHeroCmd <===> 15 
[11:12:35,233] [INFO] GameMsgRecognizer.init -->  org.cola.GuradCelia.msg.GameMsgProtocol$UserLoginResult <===> 14 
[11:12:35,234] [INFO] GameMsgRecognizer.init -->  org.cola.GuradCelia.msg.GameMsgProtocol$UserLoginCmd <===> 13 
[11:12:35,236] [INFO] GameMsgRecognizer.init -->  org.cola.GuradCelia.msg.GameMsgProtocol$UserDieResult <===> 12 
[11:12:35,237] [INFO] GameMsgRecognizer.init -->  org.cola.GuradCelia.msg.GameMsgProtocol$UserSubtractHpResult <===> 11 
[11:12:35,239] [INFO] GameMsgRecognizer.init -->  org.cola.GuradCelia.msg.GameMsgProtocol$UserAttkResult <===> 10 
[11:12:35,240] [INFO] GameMsgRecognizer.init -->  org.cola.GuradCelia.msg.GameMsgProtocol$UserAttkCmd <===> 9 
[11:12:35,241] [INFO] GameMsgRecognizer.init -->  org.cola.GuradCelia.msg.GameMsgProtocol$UserStopResult <===> 8 
[11:12:35,242] [INFO] GameMsgRecognizer.init -->  org.cola.GuradCelia.msg.GameMsgProtocol$UserStopCmd <===> 7 
[11:12:35,243] [INFO] GameMsgRecognizer.init -->  org.cola.GuradCelia.msg.GameMsgProtocol$UserQuitResult <===> 6 
[11:12:35,244] [INFO] GameMsgRecognizer.init -->  org.cola.GuradCelia.msg.GameMsgProtocol$UserMoveToResult <===> 5 
[11:12:35,245] [INFO] GameMsgRecognizer.init -->  org.cola.GuradCelia.msg.GameMsgProtocol$UserMoveToCmd <===> 4 
[11:12:35,247] [INFO] GameMsgRecognizer.init -->  org.cola.GuradCelia.msg.GameMsgProtocol$WhoElseIsHereResult <===> 3 
[11:12:35,248] [INFO] GameMsgRecognizer.init -->  org.cola.GuradCelia.msg.GameMsgProtocol$WhoElseIsHereCmd <===> 2 
[11:12:35,250] [INFO] GameMsgRecognizer.init -->  org.cola.GuradCelia.msg.GameMsgProtocol$UserEntryResult <===> 1 
[11:12:35,251] [INFO] GameMsgRecognizer.init -->  org.cola.GuradCelia.msg.GameMsgProtocol$UserEntryCmd <===> 0 
[11:12:35,506] [ERROR] MySqlSessionFactory.init --> MySql 数据库连接测试成功
[11:12:35,544] [INFO] RedisUtil.init --> Redis 连接成功！
[11:12:36,251] [INFO] MqProducer.init --> 消息队列 ( 生产者 ) 连接成功！
[11:12:36,564] [INFO] ServerMain.main --> 游戏服务器启动成功
[11:12:50,488] [INFO] MainMsgProcessor.process --> 收到客户端消息，msgClazz = UserLoginCmd , msgBody = userName: "a"
password: "1"

[11:12:50,489] [INFO] UserLoginCmdHandler.handle --> 当前线程 = MainMsgProcessor
[11:12:50,509] [INFO] LoginService$AsyncGetUserEntity.doAsync --> 当前线程 = AsyncOperationProcessor[1]
[11:12:50,610] [INFO] UserLoginCmdHandler.lambda$handle$0 --> 当前线程 = MainMsgProcessor
[11:12:50,651] [INFO] MainMsgProcessor.process --> 收到客户端消息，msgClazz = UserEntryCmd , msgBody = 
[11:12:50,652] [INFO] MainMsgProcessor.process --> 收到客户端消息，msgClazz = WhoElseIsHereCmd , msgBody = 
[11:12:56,307] [INFO] MainMsgProcessor.process --> 收到客户端消息，msgClazz = UserLoginCmd , msgBody = userName: "b"
password: "2"

[11:12:56,308] [INFO] UserLoginCmdHandler.handle --> 当前线程 = MainMsgProcessor
[11:12:56,309] [INFO] LoginService$AsyncGetUserEntity.doAsync --> 当前线程 = AsyncOperationProcessor[2]
[11:12:56,340] [INFO] UserLoginCmdHandler.lambda$handle$0 --> 当前线程 = MainMsgProcessor
[11:12:56,382] [INFO] MainMsgProcessor.process --> 收到客户端消息，msgClazz = UserEntryCmd , msgBody = 
[11:12:56,383] [INFO] MainMsgProcessor.process --> 收到客户端消息，msgClazz = WhoElseIsHereCmd , msgBody = 
[11:12:58,264] [INFO] MainMsgProcessor.process --> 收到客户端消息，msgClazz = UserAttkCmd , msgBody = targetUserId: 2

[11:12:58,264] [INFO] UserAttkCmdHandler.handle --> 当前线程 = MainMsgProcessor
[11:12:58,469] [INFO] MainMsgProcessor.process --> 收到客户端消息，msgClazz = UserAttkCmd , msgBody = targetUserId: 2

[11:12:58,469] [INFO] UserAttkCmdHandler.handle --> 当前线程 = MainMsgProcessor
[11:12:58,671] [INFO] MainMsgProcessor.process --> 收到客户端消息，msgClazz = UserAttkCmd , msgBody = targetUserId: 2

[11:12:58,671] [INFO] UserAttkCmdHandler.handle --> 当前线程 = MainMsgProcessor
[11:12:58,849] [INFO] MainMsgProcessor.process --> 收到客户端消息，msgClazz = UserAttkCmd , msgBody = targetUserId: 2

[11:12:58,849] [INFO] UserAttkCmdHandler.handle --> 当前线程 = MainMsgProcessor
[11:12:59,021] [INFO] MainMsgProcessor.process --> 收到客户端消息，msgClazz = UserAttkCmd , msgBody = targetUserId: 2

[11:12:59,022] [INFO] UserAttkCmdHandler.handle --> 当前线程 = MainMsgProcessor
[11:12:59,210] [INFO] MainMsgProcessor.process --> 收到客户端消息，msgClazz = UserAttkCmd , msgBody = targetUserId: 2

[11:12:59,211] [INFO] UserAttkCmdHandler.handle --> 当前线程 = MainMsgProcessor
[11:12:59,367] [INFO] MainMsgProcessor.process --> 收到客户端消息，msgClazz = UserAttkCmd , msgBody = targetUserId: 2

[11:12:59,367] [INFO] UserAttkCmdHandler.handle --> 当前线程 = MainMsgProcessor
[11:12:59,805] [INFO] MainMsgProcessor.process --> 收到客户端消息，msgClazz = UserAttkCmd , msgBody = targetUserId: 2

[11:12:59,806] [INFO] UserAttkCmdHandler.handle --> 当前线程 = MainMsgProcessor
[11:13:00,229] [INFO] MainMsgProcessor.process --> 收到客户端消息，msgClazz = UserAttkCmd , msgBody = targetUserId: 2

[11:13:00,229] [INFO] UserAttkCmdHandler.handle --> 当前线程 = MainMsgProcessor
[11:13:00,902] [INFO] MainMsgProcessor.process --> 收到客户端消息，msgClazz = UserAttkCmd , msgBody = targetUserId: 2

[11:13:00,902] [INFO] UserAttkCmdHandler.handle --> 当前线程 = MainMsgProcessor
[11:13:01,027] [INFO] MqProducer.sendMsg --> producer 发送消息 --->SendResult [sendStatus=SEND_OK, msgId=C0A81FA638B018B4AAC297C0965E0000, offsetMsgId=C0A838A300002A9F00000000000851F4, messageQueue=MessageQueue [topic=herostory_victor, brokerName=rocketmqOS, queueId=2], queueOffset=0]
[11:31:57,200] [INFO] RedisUtil.init --> Redis 连接成功！
[11:31:58,339] [INFO] MqConsumer.init --> 消息队列 ( 消费者 ) 连接成功!
[11:31:58,360] [INFO] MqConsumer$1.consumeMessage --> 从消息队列中收到胜利消息,winnerId = 1 , LoserId = 2
[11:33:24,371] [INFO] CmdHandlerFactory.init --> ========= 完成命令与处理器的关联 =============
[11:33:24,408] [INFO] CmdHandlerFactory.init -->  org.cola.GuradCelia.msg.GameMsgProtocol$UserAttkCmd <====> org.cola.GuradCelia.cmdhandler.UserAttkCmdHandler 
[11:33:24,410] [INFO] CmdHandlerFactory.init -->  org.cola.GuradCelia.msg.GameMsgProtocol$UserLoginCmd <====> org.cola.GuradCelia.cmdhandler.UserLoginCmdHandler 
[11:33:24,411] [INFO] CmdHandlerFactory.init -->  org.cola.GuradCelia.msg.GameMsgProtocol$WhoElseIsHereCmd <====> org.cola.GuradCelia.cmdhandler.WhoElseIsHereHandler 
[11:33:24,411] [INFO] CmdHandlerFactory.init -->  org.cola.GuradCelia.msg.GameMsgProtocol$GetRankCmd <====> org.cola.GuradCelia.cmdhandler.GetRankCmdHandler 
[11:33:24,412] [INFO] CmdHandlerFactory.init -->  org.cola.GuradCelia.msg.GameMsgProtocol$UserEntryCmd <====> org.cola.GuradCelia.cmdhandler.UserEntryCmdHandler 
[11:33:24,414] [INFO] CmdHandlerFactory.init -->  org.cola.GuradCelia.msg.GameMsgProtocol$UserMoveToCmd <====> org.cola.GuradCelia.cmdhandler.UserMoveToCmdHandler 
[11:33:24,414] [INFO] GameMsgRecognizer.init --> ========= 完成消息类与消息编号映射 =============
[11:33:24,436] [INFO] GameMsgRecognizer.init -->  org.cola.GuradCelia.msg.GameMsgProtocol$GetRankResult <===> 18 
[11:33:24,437] [INFO] GameMsgRecognizer.init -->  org.cola.GuradCelia.msg.GameMsgProtocol$GetRankCmd <===> 17 
[11:33:24,438] [INFO] GameMsgRecognizer.init -->  org.cola.GuradCelia.msg.GameMsgProtocol$SelectHeroResult <===> 16 
[11:33:24,439] [INFO] GameMsgRecognizer.init -->  org.cola.GuradCelia.msg.GameMsgProtocol$SelectHeroCmd <===> 15 
[11:33:24,440] [INFO] GameMsgRecognizer.init -->  org.cola.GuradCelia.msg.GameMsgProtocol$UserLoginResult <===> 14 
[11:33:24,442] [INFO] GameMsgRecognizer.init -->  org.cola.GuradCelia.msg.GameMsgProtocol$UserLoginCmd <===> 13 
[11:33:24,443] [INFO] GameMsgRecognizer.init -->  org.cola.GuradCelia.msg.GameMsgProtocol$UserDieResult <===> 12 
[11:33:24,444] [INFO] GameMsgRecognizer.init -->  org.cola.GuradCelia.msg.GameMsgProtocol$UserSubtractHpResult <===> 11 
[11:33:24,446] [INFO] GameMsgRecognizer.init -->  org.cola.GuradCelia.msg.GameMsgProtocol$UserAttkResult <===> 10 
[11:33:24,447] [INFO] GameMsgRecognizer.init -->  org.cola.GuradCelia.msg.GameMsgProtocol$UserAttkCmd <===> 9 
[11:33:24,447] [INFO] GameMsgRecognizer.init -->  org.cola.GuradCelia.msg.GameMsgProtocol$UserStopResult <===> 8 
[11:33:24,448] [INFO] GameMsgRecognizer.init -->  org.cola.GuradCelia.msg.GameMsgProtocol$UserStopCmd <===> 7 
[11:33:24,449] [INFO] GameMsgRecognizer.init -->  org.cola.GuradCelia.msg.GameMsgProtocol$UserQuitResult <===> 6 
[11:33:24,450] [INFO] GameMsgRecognizer.init -->  org.cola.GuradCelia.msg.GameMsgProtocol$UserMoveToResult <===> 5 
[11:33:24,451] [INFO] GameMsgRecognizer.init -->  org.cola.GuradCelia.msg.GameMsgProtocol$UserMoveToCmd <===> 4 
[11:33:24,453] [INFO] GameMsgRecognizer.init -->  org.cola.GuradCelia.msg.GameMsgProtocol$WhoElseIsHereResult <===> 3 
[11:33:24,454] [INFO] GameMsgRecognizer.init -->  org.cola.GuradCelia.msg.GameMsgProtocol$WhoElseIsHereCmd <===> 2 
[11:33:24,455] [INFO] GameMsgRecognizer.init -->  org.cola.GuradCelia.msg.GameMsgProtocol$UserEntryResult <===> 1 
[11:33:24,456] [INFO] GameMsgRecognizer.init -->  org.cola.GuradCelia.msg.GameMsgProtocol$UserEntryCmd <===> 0 
[11:33:24,723] [ERROR] MySqlSessionFactory.init --> MySql 数据库连接测试成功
[11:33:24,760] [INFO] RedisUtil.init --> Redis 连接成功！
[11:33:25,470] [INFO] MqProducer.init --> 消息队列 ( 生产者 ) 连接成功！
[11:33:25,779] [INFO] ServerMain.main --> 游戏服务器启动成功
[11:33:43,984] [INFO] MainMsgProcessor.process --> 收到客户端消息，msgClazz = UserLoginCmd , msgBody = userName: "a"
password: "1"

[11:33:43,985] [INFO] UserLoginCmdHandler.handle --> 当前线程 = MainMsgProcessor
[11:33:44,005] [INFO] LoginService$AsyncGetUserEntity.doAsync --> 当前线程 = AsyncOperationProcessor[1]
[11:33:44,103] [INFO] UserLoginCmdHandler.lambda$handle$0 --> 当前线程 = MainMsgProcessor
[11:33:44,143] [INFO] MainMsgProcessor.process --> 收到客户端消息，msgClazz = UserEntryCmd , msgBody = 
[11:33:44,143] [INFO] MainMsgProcessor.process --> 收到客户端消息，msgClazz = WhoElseIsHereCmd , msgBody = 
[11:33:46,734] [INFO] MainMsgProcessor.process --> 收到客户端消息，msgClazz = UserLoginCmd , msgBody = userName: "b"
password: "2"

[11:33:46,734] [INFO] UserLoginCmdHandler.handle --> 当前线程 = MainMsgProcessor
[11:33:46,735] [INFO] LoginService$AsyncGetUserEntity.doAsync --> 当前线程 = AsyncOperationProcessor[2]
[11:33:46,766] [INFO] UserLoginCmdHandler.lambda$handle$0 --> 当前线程 = MainMsgProcessor
[11:33:46,807] [INFO] MainMsgProcessor.process --> 收到客户端消息，msgClazz = UserEntryCmd , msgBody = 
[11:33:46,807] [INFO] MainMsgProcessor.process --> 收到客户端消息，msgClazz = WhoElseIsHereCmd , msgBody = 
[11:33:48,686] [INFO] MainMsgProcessor.process --> 收到客户端消息，msgClazz = GetRankCmd , msgBody = 
[11:33:51,601] [INFO] MainMsgProcessor.process --> 收到客户端消息，msgClazz = UserAttkCmd , msgBody = targetUserId: 2

[11:33:51,602] [INFO] UserAttkCmdHandler.handle --> 当前线程 = MainMsgProcessor
[11:33:56,430] [INFO] MainMsgProcessor.process --> 收到客户端消息，msgClazz = GetRankCmd , msgBody = 
[11:34:11,105] [INFO] MainMsgProcessor.process --> 收到客户端消息，msgClazz = UserAttkCmd , msgBody = targetUserId: 2

[11:34:11,105] [INFO] UserAttkCmdHandler.handle --> 当前线程 = MainMsgProcessor
[11:34:11,852] [INFO] MainMsgProcessor.process --> 收到客户端消息，msgClazz = UserAttkCmd , msgBody = targetUserId: 2

[11:34:11,853] [INFO] UserAttkCmdHandler.handle --> 当前线程 = MainMsgProcessor
[11:34:12,028] [INFO] MainMsgProcessor.process --> 收到客户端消息，msgClazz = UserAttkCmd , msgBody = targetUserId: 2

[11:34:12,028] [INFO] UserAttkCmdHandler.handle --> 当前线程 = MainMsgProcessor
[11:34:12,198] [INFO] MainMsgProcessor.process --> 收到客户端消息，msgClazz = UserAttkCmd , msgBody = targetUserId: 2

[11:34:12,198] [INFO] UserAttkCmdHandler.handle --> 当前线程 = MainMsgProcessor
[11:34:12,363] [INFO] MainMsgProcessor.process --> 收到客户端消息，msgClazz = UserAttkCmd , msgBody = targetUserId: 2

[11:34:12,363] [INFO] UserAttkCmdHandler.handle --> 当前线程 = MainMsgProcessor
[11:34:12,528] [INFO] MainMsgProcessor.process --> 收到客户端消息，msgClazz = UserAttkCmd , msgBody = targetUserId: 2

[11:34:12,529] [INFO] UserAttkCmdHandler.handle --> 当前线程 = MainMsgProcessor
[11:34:12,852] [INFO] MainMsgProcessor.process --> 收到客户端消息，msgClazz = UserAttkCmd , msgBody = targetUserId: 2

[11:34:12,853] [INFO] UserAttkCmdHandler.handle --> 当前线程 = MainMsgProcessor
[11:34:13,205] [INFO] MainMsgProcessor.process --> 收到客户端消息，msgClazz = UserAttkCmd , msgBody = targetUserId: 2

[11:34:13,205] [INFO] UserAttkCmdHandler.handle --> 当前线程 = MainMsgProcessor
[11:34:13,630] [INFO] MainMsgProcessor.process --> 收到客户端消息，msgClazz = UserAttkCmd , msgBody = targetUserId: 2

[11:34:13,630] [INFO] UserAttkCmdHandler.handle --> 当前线程 = MainMsgProcessor
[11:34:13,757] [INFO] MqProducer.sendMsg --> producer 发送消息 --->SendResult [sendStatus=SEND_OK, msgId=C0A81FA62B3418B4AAC297D401F80000, offsetMsgId=C0A838A300002A9F00000000000852BA, messageQueue=MessageQueue [topic=herostory_victor, brokerName=rocketmqOS, queueId=1], queueOffset=0]
[11:34:13,759] [INFO] MqConsumer$1.consumeMessage --> 从消息队列中收到胜利消息,winnerId = 1 , LoserId = 2
[11:34:14,979] [INFO] MainMsgProcessor.process --> 收到客户端消息，msgClazz = GetRankCmd , msgBody = 
[11:34:16,416] [INFO] MainMsgProcessor.process --> 收到客户端消息，msgClazz = UserAttkCmd , msgBody = targetUserId: 2

[11:34:16,416] [INFO] UserAttkCmdHandler.handle --> 当前线程 = MainMsgProcessor
[11:34:16,418] [INFO] MqProducer.sendMsg --> producer 发送消息 --->SendResult [sendStatus=SEND_OK, msgId=C0A81FA62B3418B4AAC297D40C600001, offsetMsgId=C0A838A300002A9F0000000000085380, messageQueue=MessageQueue [topic=herostory_victor, brokerName=rocketmqOS, queueId=2], queueOffset=1]
[11:34:16,420] [INFO] MqConsumer$1.consumeMessage --> 从消息队列中收到胜利消息,winnerId = 1 , LoserId = 2
[11:34:18,018] [INFO] MainMsgProcessor.process --> 收到客户端消息，msgClazz = GetRankCmd , msgBody = 
[11:34:18,968] [INFO] MainMsgProcessor.process --> 收到客户端消息，msgClazz = UserAttkCmd , msgBody = targetUserId: 2

[11:34:18,968] [INFO] UserAttkCmdHandler.handle --> 当前线程 = MainMsgProcessor
[11:34:18,970] [INFO] MqProducer.sendMsg --> producer 发送消息 --->SendResult [sendStatus=SEND_OK, msgId=C0A81FA62B3418B4AAC297D416580002, offsetMsgId=C0A838A300002A9F0000000000085446, messageQueue=MessageQueue [topic=herostory_victor, brokerName=rocketmqOS, queueId=3], queueOffset=0]
[11:34:18,972] [INFO] MqConsumer$1.consumeMessage --> 从消息队列中收到胜利消息,winnerId = 1 , LoserId = 2
[11:34:20,666] [INFO] MainMsgProcessor.process --> 收到客户端消息，msgClazz = GetRankCmd , msgBody = 
[11:34:21,362] [INFO] MainMsgProcessor.process --> 收到客户端消息，msgClazz = UserAttkCmd , msgBody = targetUserId: 2

[11:34:21,362] [INFO] UserAttkCmdHandler.handle --> 当前线程 = MainMsgProcessor
[11:34:21,363] [INFO] MqProducer.sendMsg --> producer 发送消息 --->SendResult [sendStatus=SEND_OK, msgId=C0A81FA62B3418B4AAC297D41FB30003, offsetMsgId=C0A838A300002A9F000000000008550C, messageQueue=MessageQueue [topic=herostory_victor, brokerName=rocketmqOS, queueId=0], queueOffset=0]
[11:34:21,370] [INFO] MqConsumer$1.consumeMessage --> 从消息队列中收到胜利消息,winnerId = 1 , LoserId = 2
[14:44:48,629] [INFO] Slf4jLoggerFactory$Slf4jLogger.info --> closeChannel: close the connection to remote address[192.168.56.163:9876] result: true
[14:44:48,630] [INFO] Slf4jLoggerFactory$Slf4jLogger.info --> closeChannel: close the connection to remote address[192.168.56.163:9876] result: true
[14:44:48,633] [INFO] Slf4jLoggerFactory$Slf4jLogger.info --> closeChannel: close the connection to remote address[192.168.56.163:10911] result: true
[14:44:48,633] [INFO] Slf4jLoggerFactory$Slf4jLogger.info --> closeChannel: close the connection to remote address[192.168.56.163:10911] result: true
